<?xml version="1.0" encoding="UTF-8"?>
<!-- Generated by org.testng.reporters.JUnitXMLReporter -->
<testsuite ignored="1" hostname="DESKTOP-IH4C39S" failures="0" tests="1" name="Test-1" time="22.947" errors="0" timestamp="2022-07-07T10:15:57 IST">
  <testcase classname="com.crm.Mobicentrum.GenericUtility.BaseClass" name="@BeforeTest launchBrowser" time="21.653">
    <failure type="org.openqa.selenium.WebDriverException" message="Timed out waiting for driver server to start.
Build info: version: &amp;apos;3.141.59&amp;apos;, revision: &amp;apos;e82be7d358&amp;apos;, time: &amp;apos;2018-11-14T08:17:03&amp;apos;
System info: host: &amp;apos;DESKTOP-IH4C39S&amp;apos;, ip: &amp;apos;192.168.234.1&amp;apos;, os.name: &amp;apos;Windows 10&amp;apos;, os.arch: &amp;apos;amd64&amp;apos;, os.version: &amp;apos;10.0&amp;apos;, java.version: &amp;apos;16.0.1&amp;apos;
Driver info: driver.version: ChromeDriver">
      <![CDATA[org.openqa.selenium.WebDriverException: Timed out waiting for driver server to start.
Build info: version: '3.141.59', revision: 'e82be7d358', time: '2018-11-14T08:17:03'
System info: host: 'DESKTOP-IH4C39S', ip: '192.168.234.1', os.name: 'Windows 10', os.arch: 'amd64', os.version: '10.0', java.version: '16.0.1'
Driver info: driver.version: ChromeDriver
at org.openqa.selenium.remote.service.DriverService.waitUntilAvailable(DriverService.java:202)
at org.openqa.selenium.remote.service.DriverService.start(DriverService.java:188)
at org.openqa.selenium.remote.service.DriverCommandExecutor.execute(DriverCommandExecutor.java:79)
at org.openqa.selenium.remote.RemoteWebDriver.execute(RemoteWebDriver.java:552)
at org.openqa.selenium.remote.RemoteWebDriver.startSession(RemoteWebDriver.java:213)
at org.openqa.selenium.remote.RemoteWebDriver.<init>(RemoteWebDriver.java:131)
at org.openqa.selenium.chrome.ChromeDriver.<init>(ChromeDriver.java:181)
at org.openqa.selenium.chrome.ChromeDriver.<init>(ChromeDriver.java:168)
at org.openqa.selenium.chrome.ChromeDriver.<init>(ChromeDriver.java:123)
at com.crm.Mobicentrum.GenericUtility.BaseClass.launchBrowser(BaseClass.java:45)
at java.base/java.util.concurrent.FutureTask.run(FutureTask.java:264)
at java.base/java.util.concurrent.ThreadPoolExecutor.runWorker(ThreadPoolExecutor.java:1130)
at java.base/java.util.concurrent.ThreadPoolExecutor$Worker.run(ThreadPoolExecutor.java:630)
at java.base/java.lang.Thread.run(Thread.java:831)
Caused by: org.openqa.selenium.net.UrlChecker$TimeoutException: Timed out waiting for [http://localhost:21195/status] to be available after 20018 ms
at org.openqa.selenium.net.UrlChecker.waitUntilAvailable(UrlChecker.java:100)
at org.openqa.selenium.remote.service.DriverService.waitUntilAvailable(DriverService.java:197)
... 28 more
Caused by: java.util.concurrent.TimeoutException
at java.base/java.util.concurrent.FutureTask.get(FutureTask.java:204)
at com.google.common.util.concurrent.SimpleTimeLimiter.callWithTimeout(SimpleTimeLimiter.java:156)
at org.openqa.selenium.net.UrlChecker.waitUntilAvailable(UrlChecker.java:75)
... 29 more
... Removed 15 stack frames]]>
    </failure>
  </testcase> <!-- @BeforeTest launchBrowser -->
  <testcase classname="com.crm.Mobicentrum.GenericUtility.BaseClass" name="@BeforeMethod login" time="-1.657169157635E9">
    <skipped/>
  </testcase> <!-- @BeforeMethod login -->
  <testcase classname="com.crm.Mobicentrum.GenericUtility.BaseClass" name="@AfterMethod logout" time="-1.6571691577E9">
    <skipped/>
  </testcase> <!-- @AfterMethod logout -->
  <testcase classname="com.crm.Mobicentrum.GenericUtility.BaseClass" name="@AfterTest closeBroswer" time="-1.657169157751E9">
    <skipped/>
  </testcase> <!-- @AfterTest closeBroswer -->
  <testcase classname="com.crm.Mobicentrum.CampaignTest.CreateCampaign" name="CreateCampaignTest" time="0.0">
    <skipped/>
  </testcase> <!-- CreateCampaignTest -->
  <testcase classname="com.crm.Mobicentrum.CampaignTest.CreateCampaign" name="CreateCampaignWithProduct" time="0.0">
    <ignored/>
  </testcase> <!-- CreateCampaignWithProduct -->
</testsuite> <!-- Test-1 -->
