<?xml version="1.0" encoding="UTF-8"?>
<!-- Generated by org.testng.reporters.JUnitReportReporter -->
<testsuite hostname="DESKTOP-IH4C39S" failures="0" tests="3" name="Practice.BookTicketDP" time="0.015" errors="0" timestamp="2022-07-05T23:12:00 IST" skipped="0">
  <testcase classname="Practice.BookTicketDP" name="bookTicketTest" time="0.012"/>
  <system-out/>
  <testcase classname="Practice.BookTicketDP" name="bookTicketTest" time="0.002"/>
  <system-out/>
  <testcase classname="Practice.BookTicketDP" name="bookTicketTest" time="0.001"/>
  <system-out/>
</testsuite> <!-- Practice.BookTicketDP -->
