<?xml version="1.0" encoding="UTF-8"?>
<!-- Generated by org.testng.reporters.JUnitReportReporter -->
<testsuite skipped="0" hostname="DESKTOP-IH4C39S" name="com.crm.Mobicentrum.ContactTest.CreateContactTest" tests="2" failures="0" timestamp="2022-07-23T20:20:22 IST" time="235.265" errors="0">
  <testcase name="CreateAndDeleteContactTest" time="99.175" classname="com.crm.Mobicentrum.ContactTest.CreateContactTest"/>
  <system-out/>
  <testcase name="CreateContactTest" time="136.090" classname="com.crm.Mobicentrum.ContactTest.CreateContactTest"/>
  <system-out/>
</testsuite> <!-- com.crm.Mobicentrum.ContactTest.CreateContactTest -->
