<?xml version="1.0" encoding="UTF-8"?>
<!-- Generated by org.testng.reporters.JUnitReportReporter -->
<testsuite hostname="DESKTOP-IH4C39S" failures="0" tests="1" name="com.crm.Mobicentrum.CampaignTest.CreateCampaign" time="57.912" errors="0" timestamp="2022-07-10T22:26:01 IST" skipped="0">
  <testcase classname="com.crm.Mobicentrum.CampaignTest.CreateCampaign" name="CreateCampaignTest" time="57.912"/>
  <system-out/>
</testsuite> <!-- com.crm.Mobicentrum.CampaignTest.CreateCampaign -->
