<?xml version="1.0" encoding="UTF-8"?>
<!-- Generated by org.testng.reporters.JUnitReportReporter -->
<testsuite hostname="DESKTOP-IH4C39S" failures="0" tests="2" name="Practice.BookTicketDPWith3Arg" time="0.014" errors="0" timestamp="2022-07-05T23:14:32 IST" skipped="0">
  <testcase classname="Practice.BookTicketDPWith3Arg" name="BookTicketDPWith3ArgTest" time="0.012"/>
  <system-out/>
  <testcase classname="Practice.BookTicketDPWith3Arg" name="BookTicketDPWith3ArgTest" time="0.002"/>
  <system-out/>
</testsuite> <!-- Practice.BookTicketDPWith3Arg -->
