<?xml version="1.0" encoding="UTF-8"?>
<!-- Generated by org.testng.reporters.JUnitReportReporter -->
<testsuite hostname="DESKTOP-IH4C39S" failures="0" tests="1" name="com.crm.Mobicentrum.ContactTest.CreateContact2" time="50.490" errors="0" timestamp="2022-07-05T21:25:50 IST" skipped="0">
  <testcase classname="com.crm.Mobicentrum.ContactTest.CreateContact2" name="CreateContactTest" time="50.490"/>
  <system-out/>
</testsuite> <!-- com.crm.Mobicentrum.ContactTest.CreateContact2 -->
