<?xml version="1.0" encoding="UTF-8"?>
<!-- Generated by org.testng.reporters.JUnitReportReporter -->
<testsuite skipped="0" hostname="DESKTOP-IH4C39S" name="com.crm.Mobicentrum.OrganizationTest.CreateOrganizationTest" tests="1" failures="0" timestamp="2022-07-14T11:55:29 IST" time="31.314" errors="0">
  <testcase name="createOrganization" time="31.314" classname="com.crm.Mobicentrum.OrganizationTest.CreateOrganizationTest"/>
  <system-out/>
</testsuite> <!-- com.crm.Mobicentrum.OrganizationTest.CreateOrganizationTest -->
